------------------------------------------------------------------------------------------------------------------------

[2022-10-19 01:10:16 #1 store] 
Database 'C:\Users\nerea\git\BetsApuestas\src\main\resources\bets.temp' has been recovered (tr. 1906-1916)

[2022-10-19 01:10:16 #2 store] 
Database 'C:\Users\nerea\git\BetsApuestas\src\main\resources\bets.temp' is opened by 6364@DESKTOP-HHVNDGV

[2022-10-19 01:10:16 #3 store] 
Configuration path: ?

[2022-10-19 01:10:17 #4 type] 
Type domain.Subdito is not enhanced.

[2022-10-19 01:10:17 #5 type] 
Type domain.Admin is not enhanced.

[2022-10-19 01:10:17 #6 type] 
Type domain.Usuario is not enhanced.

[2022-10-19 01:10:17 #7 type] 
Type domain.Cupon is not enhanced.

[2022-10-19 01:10:17 #8 type] 
Type domain.Apuesta is not enhanced.

[2022-10-19 01:10:17 #9 type] 
Type domain.Event is not enhanced.

[2022-10-19 01:10:17 #10 type] 
Type domain.Pronostico is not enhanced.

[2022-10-19 01:10:17 #11 type] 
Type domain.Seleccion is not enhanced.

[2022-10-19 01:10:17 #12 type] 
Type domain.Question is not enhanced.

[2022-10-19 01:10:17 #13 type] 
Type domain.Estadistica is not enhanced.

[2022-10-19 01:10:17 #14 type] 
Type domain.Mensaje is not enhanced.

------------------------------------------------------------------------------------------------------------------------

[2022-10-19 01:10:24 #1 store] 
Database 'C:\Users\nerea\git\BetsApuestas\src\main\resources\bets.temp' has been recovered (tr. 1917-1926)

[2022-10-19 01:10:24 #2 store] 
Database 'C:\Users\nerea\git\BetsApuestas\src\main\resources\bets.temp' is opened by 12116@DESKTOP-HHVNDGV

[2022-10-19 01:10:24 #3 store] 
Configuration path: ?

[2022-10-19 01:10:24 #4 type] 
Type domain.Subdito is not enhanced.

[2022-10-19 01:10:24 #5 type] 
Type domain.Admin is not enhanced.

[2022-10-19 01:10:24 #6 type] 
Type domain.Usuario is not enhanced.

[2022-10-19 01:10:24 #7 type] 
Type domain.Cupon is not enhanced.

[2022-10-19 01:10:24 #8 type] 
Type domain.Apuesta is not enhanced.

[2022-10-19 01:10:24 #9 type] 
Type domain.Event is not enhanced.

[2022-10-19 01:10:24 #10 type] 
Type domain.Pronostico is not enhanced.

[2022-10-19 01:10:24 #11 type] 
Type domain.Seleccion is not enhanced.

[2022-10-19 01:10:24 #12 type] 
Type domain.Question is not enhanced.

[2022-10-19 01:10:24 #13 type] 
Type domain.Estadistica is not enhanced.

[2022-10-19 01:10:24 #14 type] 
Type domain.Mensaje is not enhanced.

------------------------------------------------------------------------------------------------------------------------

[2022-10-19 11:28:59 #1 store] 
Database 'C:\Users\Propietario\git\BetsApuestas\src\main\resources\bets.temp' has been recovered (tr. 1927-1934)

[2022-10-19 11:28:59 #2 store] 
Database 'C:\Users\Propietario\git\BetsApuestas\src\main\resources\bets.temp' is opened by 10648@pc-1631545154

[2022-10-19 11:28:59 #3 store] 
Configuration path: ?

[2022-10-19 11:28:59 #4 type] 
Type domain.Subdito is not enhanced.

[2022-10-19 11:28:59 #5 type] 
Type domain.Admin is not enhanced.

[2022-10-19 11:28:59 #6 type] 
Type domain.Usuario is not enhanced.

[2022-10-19 11:28:59 #7 type] 
Type domain.Cupon is not enhanced.

[2022-10-19 11:28:59 #8 type] 
Type domain.Apuesta is not enhanced.

[2022-10-19 11:28:59 #9 type] 
Type domain.Event is not enhanced.

[2022-10-19 11:28:59 #10 type] 
Type domain.Pronostico is not enhanced.

[2022-10-19 11:28:59 #11 type] 
Type domain.Seleccion is not enhanced.

[2022-10-19 11:28:59 #12 type] 
Type domain.Question is not enhanced.

[2022-10-19 11:28:59 #13 type] 
Type domain.Estadistica is not enhanced.

[2022-10-19 11:28:59 #14 type] 
Type domain.Mensaje is not enhanced.

------------------------------------------------------------------------------------------------------------------------

[2022-10-19 11:31:29 #1 store] 
Database 'C:\Users\Propietario\git\BetsApuestas\src\main\resources\bets.temp' is opened by 10548@pc-1631545154

[2022-10-19 11:31:29 #2 store] 
Configuration path: ?

[2022-10-19 11:31:29 #3 type] 
Type domain.Apuesta is not enhanced.

[2022-10-19 11:31:29 #4 type] 
Type domain.Event is not enhanced.

[2022-10-19 11:31:29 #5 type] 
Type domain.Pronostico is not enhanced.

[2022-10-19 11:31:29 #6 type] 
Type domain.Usuario is not enhanced.

[2022-10-19 11:31:29 #7 type] 
Type domain.Seleccion is not enhanced.

[2022-10-19 11:31:29 #8 type] 
Type domain.Question is not enhanced.

[2022-10-19 11:31:29 #9 type] 
Type domain.Cupon is not enhanced.

[2022-10-19 11:31:29 #10 type] 
Type domain.Estadistica is not enhanced.

