------------------------------------------------------------------------------------------------------------------------

[2022-10-18 15:48:04 #1 store] 
Database 'C:\Users\Propietario\git\BetsApuestas\src\main\resources\bets.temp' has been recovered (tr. 887-895)

[2022-10-18 15:48:04 #2 store] 
Database 'C:\Users\Propietario\git\BetsApuestas\src\main\resources\bets.temp' is opened by 10152@pc-1631545154

[2022-10-18 15:48:04 #3 store] 
Configuration path: ?

[2022-10-18 15:48:04 #4 type] 
Type domain.Subdito is not enhanced.

[2022-10-18 15:48:04 #5 type] 
Type domain.Admin is not enhanced.

[2022-10-18 15:48:04 #6 type] 
Type domain.Usuario is not enhanced.

[2022-10-18 15:48:04 #7 type] 
Type domain.Cupon is not enhanced.

[2022-10-18 15:48:04 #8 type] 
Type domain.Apuesta is not enhanced.

[2022-10-18 15:48:04 #9 type] 
Type domain.Event is not enhanced.

[2022-10-18 15:48:04 #10 type] 
Type domain.Pronostico is not enhanced.

[2022-10-18 15:48:04 #11 type] 
Type domain.Seleccion is not enhanced.

[2022-10-18 15:48:04 #12 type] 
Type domain.Question is not enhanced.

[2022-10-18 15:48:04 #13 type] 
Type domain.Estadistica is not enhanced.

[2022-10-18 15:48:04 #14 type] 
Type domain.Mensaje is not enhanced.

------------------------------------------------------------------------------------------------------------------------

[2022-10-18 16:01:30 #1 store] 
Database 'C:\Users\Propietario\git\BetsApuestas\src\main\resources\bets.temp' has been recovered (tr. 896-1009)

[2022-10-18 16:01:30 #2 store] 
Database 'C:\Users\Propietario\git\BetsApuestas\src\main\resources\bets.temp' is opened by 10360@pc-1631545154

[2022-10-18 16:01:30 #3 store] 
Configuration path: ?

[2022-10-18 16:01:30 #4 type] 
Type domain.Subdito is not enhanced.

[2022-10-18 16:01:30 #5 type] 
Type domain.Admin is not enhanced.

[2022-10-18 16:01:30 #6 type] 
Type domain.Usuario is not enhanced.

[2022-10-18 16:01:30 #7 type] 
Type domain.Cupon is not enhanced.

[2022-10-18 16:01:30 #8 type] 
Type domain.Apuesta is not enhanced.

[2022-10-18 16:01:30 #9 type] 
Type domain.Event is not enhanced.

[2022-10-18 16:01:30 #10 type] 
Type domain.Pronostico is not enhanced.

[2022-10-18 16:01:30 #11 type] 
Type domain.Seleccion is not enhanced.

[2022-10-18 16:01:30 #12 type] 
Type domain.Question is not enhanced.

[2022-10-18 16:01:30 #13 type] 
Type domain.Estadistica is not enhanced.

[2022-10-18 16:01:30 #14 type] 
Type domain.Mensaje is not enhanced.

